<?xml version="1.0" encoding="UTF-8"?>
<!-- Generated by org.testng.reporters.JUnitReportReporter -->
<testsuite hostname="Shriyas-Air" failures="0" tests="4" name="test.AddToCart" time="25.009" errors="0" timestamp="2022-01-06T21:25:51 GST" skipped="0">
  <testcase classname="test.AddToCart" name="Goto_Category_Furniture_Page" time="8.920"/>
  <system-out/>
  <testcase classname="test.AddToCart" name="Goto_Cart_Page" time="6.422"/>
  <system-out/>
  <testcase classname="test.AddToCart" name="Goto_Product_Details_Page" time="4.479"/>
  <system-out/>
  <testcase classname="test.AddToCart" name="Goto_Home_Page" time="5.188"/>
  <system-out/>
</testsuite> <!-- test.AddToCart -->
